<?xml version="1.0" encoding="UTF-8"?>
<robot generator="Robot 5.0.1 (Python 3.8.10 on linux)" generated="20220922 16:06:34.004" rpa="false" schemaversion="3">
<suite id="s1" name="Task4" source="/home/ng/qa/testing/task4.robot">
<test id="s1-t1" name="Login To Deriv" line="22">
<kw name="Open Browser" library="SeleniumLibrary">
<arg>https://app.deriv.com/</arg>
<arg>chrome</arg>
<doc>Opens a new browser instance to the optional ``url``.</doc>
<msg timestamp="20220922 16:06:34.086" level="INFO">Opening browser 'chrome' to base url 'https://app.deriv.com/'.</msg>
<status status="PASS" starttime="20220922 16:06:34.086" endtime="20220922 16:06:38.044"/>
</kw>
<kw name="Maximize Browser Window" library="SeleniumLibrary">
<doc>Maximizes current browser window.</doc>
<status status="PASS" starttime="20220922 16:06:38.045" endtime="20220922 16:06:38.185"/>
</kw>
<kw name="Wait Until Page Does Not Contain Element" library="SeleniumLibrary">
<arg>//*[@aria-label="Loading interface..."]</arg>
<arg>30</arg>
<doc>Waits until the element ``locator`` disappears from the current page.</doc>
<status status="PASS" starttime="20220922 16:06:38.185" endtime="20220922 16:06:44.126"/>
</kw>
<kw name="Wait Until Page Contains Element" library="SeleniumLibrary">
<arg>dt_login_button</arg>
<arg>60</arg>
<doc>Waits until the element ``locator`` appears on the current page.</doc>
<status status="PASS" starttime="20220922 16:06:44.126" endtime="20220922 16:06:44.182"/>
</kw>
<kw name="Click Element" library="SeleniumLibrary">
<arg>dt_login_button</arg>
<doc>Click the element identified by ``locator``.</doc>
<msg timestamp="20220922 16:06:44.183" level="INFO">Clicking element 'dt_login_button'.</msg>
<status status="PASS" starttime="20220922 16:06:44.183" endtime="20220922 16:06:46.276"/>
</kw>
<kw name="Wait Until Page Contains Element" library="SeleniumLibrary">
<arg>//input[@type='email']</arg>
<arg>10</arg>
<doc>Waits until the element ``locator`` appears on the current page.</doc>
<status status="PASS" starttime="20220922 16:06:46.276" endtime="20220922 16:06:46.320"/>
</kw>
<kw name="Input Text" library="SeleniumLibrary">
<arg>//input[@type='email']</arg>
<arg>shin.cheng@besquare.com.my</arg>
<doc>Types the given ``text`` into the text field identified by ``locator``.</doc>
<msg timestamp="20220922 16:06:46.321" level="INFO">Typing text 'shin.cheng@besquare.com.my' into text field '//input[@type='email']'.</msg>
<status status="PASS" starttime="20220922 16:06:46.320" endtime="20220922 16:06:46.386"/>
</kw>
<kw name="Input Text" library="SeleniumLibrary">
<arg>//input[@type='password']</arg>
<arg>HondaHRV2022!!!</arg>
<doc>Types the given ``text`` into the text field identified by ``locator``.</doc>
<msg timestamp="20220922 16:06:46.387" level="INFO">Typing text 'HondaHRV2022!!!' into text field '//input[@type='password']'.</msg>
<status status="PASS" starttime="20220922 16:06:46.386" endtime="20220922 16:06:46.444"/>
</kw>
<kw name="Click Element" library="SeleniumLibrary">
<arg>//button[@type='submit']</arg>
<doc>Click the element identified by ``locator``.</doc>
<msg timestamp="20220922 16:06:46.445" level="INFO">Clicking element '//button[@type='submit']'.</msg>
<status status="PASS" starttime="20220922 16:06:46.445" endtime="20220922 16:06:49.213"/>
</kw>
<kw name="Wait Until Page Does Not Contain Element" library="SeleniumLibrary">
<arg>//*[@aria-label="Loading interface..."]</arg>
<arg>20</arg>
<doc>Waits until the element ``locator`` disappears from the current page.</doc>
<status status="PASS" starttime="20220922 16:06:49.213" endtime="20220922 16:06:52.399"/>
</kw>
<kw name="Wait Until Page Contains Element" library="SeleniumLibrary">
<arg>//*[@class='sidebar__items']</arg>
<arg>20</arg>
<doc>Waits until the element ``locator`` appears on the current page.</doc>
<status status="PASS" starttime="20220922 16:06:52.400" endtime="20220922 16:06:52.412"/>
</kw>
<kw name="Wait Until Page Contains Element" library="SeleniumLibrary">
<arg>dt_core_account-info_acc-info</arg>
<arg>40</arg>
<doc>Waits until the element ``locator`` appears on the current page.</doc>
<status status="PASS" starttime="20220922 16:06:52.412" endtime="20220922 16:06:52.452"/>
</kw>
<kw name="Wait Until Page Contains Element" library="SeleniumLibrary">
<arg>//*[@class="dc-icon acc-info__id-icon acc-info__id-icon--usd"]</arg>
<arg>30</arg>
<doc>Waits until the element ``locator`` appears on the current page.</doc>
<status status="PASS" starttime="20220922 16:06:52.453" endtime="20220922 16:06:52.516"/>
</kw>
<kw name="Wait Until Element Is Visible" library="SeleniumLibrary">
<arg>//*[@class="dc-btn dc-btn__effect dc-btn--primary acc-info__button"]</arg>
<arg>30</arg>
<doc>Waits until the element ``locator`` is visible.</doc>
<status status="PASS" starttime="20220922 16:06:52.516" endtime="20220922 16:06:52.668"/>
</kw>
<kw name="Click Element" library="SeleniumLibrary">
<arg>dt_core_account-info_acc-info</arg>
<doc>Click the element identified by ``locator``.</doc>
<msg timestamp="20220922 16:06:52.669" level="INFO">Clicking element 'dt_core_account-info_acc-info'.</msg>
<status status="PASS" starttime="20220922 16:06:52.669" endtime="20220922 16:06:52.876"/>
</kw>
<kw name="Click Element" library="SeleniumLibrary">
<arg>dt_core_account-switcher_demo-tab</arg>
<doc>Click the element identified by ``locator``.</doc>
<msg timestamp="20220922 16:06:52.877" level="INFO">Clicking element 'dt_core_account-switcher_demo-tab'.</msg>
<status status="PASS" starttime="20220922 16:06:52.876" endtime="20220922 16:06:52.939"/>
</kw>
<kw name="Click Element" library="SeleniumLibrary">
<arg>//*[@class="acc-switcher__id"]</arg>
<doc>Click the element identified by ``locator``.</doc>
<msg timestamp="20220922 16:06:52.939" level="INFO">Clicking element '//*[@class="acc-switcher__id"]'.</msg>
<status status="PASS" starttime="20220922 16:06:52.939" endtime="20220922 16:06:53.119"/>
</kw>
<kw name="Wait Until Page Does Not Contain" library="SeleniumLibrary">
<arg>//*[@aria-label="Loading interface..."]</arg>
<arg>10</arg>
<doc>Waits until ``text`` disappears from the current page.</doc>
<status status="PASS" starttime="20220922 16:06:53.119" endtime="20220922 16:06:53.176"/>
</kw>
<kw name="Wait Until Page Contains Element" library="SeleniumLibrary">
<arg>//*[@class="dc-icon acc-info__id-icon acc-info__id-icon--virtual"]</arg>
<arg>10</arg>
<doc>Waits until the element ``locator`` appears on the current page.</doc>
<status status="PASS" starttime="20220922 16:06:53.176" endtime="20220922 16:06:53.205"/>
</kw>
<kw name="Wait Until Page Does Not Contain Element" library="SeleniumLibrary">
<arg>//*[@aria-label="Loading interface..."]</arg>
<arg>30</arg>
<doc>Waits until the element ``locator`` disappears from the current page.</doc>
<status status="PASS" starttime="20220922 16:06:53.205" endtime="20220922 16:07:04.133"/>
</kw>
<kw name="Wait Until Page Contains Element" library="SeleniumLibrary">
<arg>//*[@class='sidebar__items']</arg>
<arg>30</arg>
<doc>Waits until the element ``locator`` appears on the current page.</doc>
<status status="PASS" starttime="20220922 16:07:04.134" endtime="20220922 16:07:04.212"/>
</kw>
<kw name="Channge to AUD/JPY">
<kw name="Click Element" library="SeleniumLibrary">
<arg>//*[@class="cq-symbol-select-btn"]</arg>
<doc>Click the element identified by ``locator``.</doc>
<msg timestamp="20220922 16:07:04.213" level="INFO">Clicking element '//*[@class="cq-symbol-select-btn"]'.</msg>
<status status="PASS" starttime="20220922 16:07:04.213" endtime="20220922 16:07:04.410"/>
</kw>
<kw name="Wait Until Page Contains Element" library="SeleniumLibrary">
<arg>//*[@class="sc-mcd__filter"]</arg>
<arg>30</arg>
<doc>Waits until the element ``locator`` appears on the current page.</doc>
<status status="PASS" starttime="20220922 16:07:04.410" endtime="20220922 16:07:04.422"/>
</kw>
<kw name="Wait Until Element Is Visible" library="SeleniumLibrary">
<arg>//*[@class="sc-mcd__filter"]</arg>
<arg>30</arg>
<doc>Waits until the element ``locator`` is visible.</doc>
<status status="PASS" starttime="20220922 16:07:04.422" endtime="20220922 16:07:04.874"/>
</kw>
<kw name="Click Element" library="SeleniumLibrary">
<arg>//*[@class="ic-icon ic-forex"]</arg>
<doc>Click the element identified by ``locator``.</doc>
<msg timestamp="20220922 16:07:04.875" level="INFO">Clicking element '//*[@class="ic-icon ic-forex"]'.</msg>
<status status="PASS" starttime="20220922 16:07:04.874" endtime="20220922 16:07:04.925"/>
</kw>
<kw name="Wait Until Page Contains Element" library="SeleniumLibrary">
<arg>//*[@class="sc-mcd__content"]</arg>
<arg>30</arg>
<doc>Waits until the element ``locator`` appears on the current page.</doc>
<status status="PASS" starttime="20220922 16:07:04.925" endtime="20220922 16:07:04.935"/>
</kw>
<kw name="Wait Until Element Is Visible" library="SeleniumLibrary">
<arg>//div[@class="sc-mcd__content"]</arg>
<arg>50</arg>
<doc>Waits until the element ``locator`` is visible.</doc>
<status status="PASS" starttime="20220922 16:07:04.936" endtime="20220922 16:07:04.951"/>
</kw>
<kw name="Click Element" library="SeleniumLibrary">
<arg>//div[@class='sc-mcd__item sc-mcd__item--frxAUDUSD ' and contains(.,'AUD/USD')]</arg>
<doc>Click the element identified by ``locator``.</doc>
<msg timestamp="20220922 16:07:04.952" level="INFO">Clicking element '//div[@class='sc-mcd__item sc-mcd__item--frxAUDUSD ' and contains(.,'AUD/USD')]'.</msg>
<status status="PASS" starttime="20220922 16:07:04.951" endtime="20220922 16:07:05.060"/>
</kw>
<status status="PASS" starttime="20220922 16:07:04.212" endtime="20220922 16:07:05.060"/>
</kw>
<kw name="Wait Until Page Does Not Contain Element" library="SeleniumLibrary">
<arg>//*[@aria-label="Loading interface..."]</arg>
<arg>20</arg>
<doc>Waits until the element ``locator`` disappears from the current page.</doc>
<status status="PASS" starttime="20220922 16:07:05.060" endtime="20220922 16:07:06.575"/>
</kw>
<kw name="Change contract type">
<kw name="Click Element" library="SeleniumLibrary">
<arg>//*[@class='contract-type-widget__display']</arg>
<doc>Click the element identified by ``locator``.</doc>
<msg timestamp="20220922 16:07:06.576" level="INFO">Clicking element '//*[@class='contract-type-widget__display']'.</msg>
<status status="PASS" starttime="20220922 16:07:06.576" endtime="20220922 16:07:06.723"/>
</kw>
<kw name="Click Element" library="SeleniumLibrary">
<arg>dt_contract_high_low_item</arg>
<doc>Click the element identified by ``locator``.</doc>
<msg timestamp="20220922 16:07:06.724" level="INFO">Clicking element 'dt_contract_high_low_item'.</msg>
<status status="PASS" starttime="20220922 16:07:06.723" endtime="20220922 16:07:07.074"/>
</kw>
<status status="PASS" starttime="20220922 16:07:06.575" endtime="20220922 16:07:07.074"/>
</kw>
<kw name="Wait Until Page Contains Element" library="SeleniumLibrary">
<arg>//*[@class="dc-btn dc-btn__toggle dc-button-menu__button dc-button-menu__button--active"]</arg>
<doc>Waits until the element ``locator`` appears on the current page.</doc>
<status status="PASS" starttime="20220922 16:07:07.074" endtime="20220922 16:07:07.093"/>
</kw>
<kw name="Click Element" library="SeleniumLibrary">
<arg>//*[@class='dc-input__field']</arg>
<doc>Click the element identified by ``locator``.</doc>
<msg timestamp="20220922 16:07:07.093" level="INFO">Clicking element '//*[@class='dc-input__field']'.</msg>
<status status="PASS" starttime="20220922 16:07:07.093" endtime="20220922 16:07:07.195"/>
</kw>
<kw name="Press Keys" library="SeleniumLibrary">
<arg>none</arg>
<arg>BACKSPACE+4</arg>
<doc>Simulates the user pressing key(s) to an element or on the active browser.</doc>
<msg timestamp="20220922 16:07:07.196" level="INFO">Sending key(s) ('BACKSPACE+4',) to page.</msg>
<msg timestamp="20220922 16:07:07.196" level="INFO">Pressing special key BACKSPACE down.</msg>
<msg timestamp="20220922 16:07:07.196" level="INFO">Sending key 4</msg>
<msg timestamp="20220922 16:07:07.196" level="INFO">Releasing special key BACKSPACE.</msg>
<status status="PASS" starttime="20220922 16:07:07.195" endtime="20220922 16:07:07.287"/>
</kw>
<kw name="Wait Until Page Contains Element" library="SeleniumLibrary">
<arg>//*[@class="dc-btn dc-btn__toggle dc-button-menu__button dc-button-menu__button--active"]</arg>
<doc>Waits until the element ``locator`` appears on the current page.</doc>
<status status="PASS" starttime="20220922 16:07:07.287" endtime="20220922 16:07:07.293"/>
</kw>
<kw name="Press Keys" library="SeleniumLibrary">
<arg>//div[@class='dc-input-field trade-container__barriers-single']</arg>
<arg>CTRL+A+BACKSPACE</arg>
<doc>Simulates the user pressing key(s) to an element or on the active browser.</doc>
<msg timestamp="20220922 16:07:07.293" level="INFO">Sending key(s) ('CTRL+A+BACKSPACE',) to //div[@class='dc-input-field trade-container__barriers-single'] element.</msg>
<msg timestamp="20220922 16:07:07.611" level="INFO">Pressing special key CONTROL down.</msg>
<msg timestamp="20220922 16:07:07.611" level="INFO">Sending key A</msg>
<msg timestamp="20220922 16:07:07.611" level="INFO">Pressing special key BACKSPACE down.</msg>
<msg timestamp="20220922 16:07:07.611" level="INFO">Releasing special key CONTROL.</msg>
<msg timestamp="20220922 16:07:07.611" level="INFO">Releasing special key BACKSPACE.</msg>
<status status="PASS" starttime="20220922 16:07:07.293" endtime="20220922 16:07:07.642"/>
</kw>
<kw name="Input Text" library="SeleniumLibrary">
<arg>dt_barrier_1_input</arg>
<arg>-0.11111</arg>
<doc>Types the given ``text`` into the text field identified by ``locator``.</doc>
<msg timestamp="20220922 16:07:07.642" level="INFO">Typing text '-0.11111' into text field 'dt_barrier_1_input'.</msg>
<status status="PASS" starttime="20220922 16:07:07.642" endtime="20220922 16:07:07.777"/>
</kw>
<kw name="Sleep" library="BuiltIn">
<arg>2</arg>
<doc>Pauses the test executed for the given time.</doc>
<msg timestamp="20220922 16:07:09.777" level="INFO">Slept 2 seconds</msg>
<status status="PASS" starttime="20220922 16:07:07.777" endtime="20220922 16:07:09.778"/>
</kw>
<kw name="Click Element" library="SeleniumLibrary">
<arg>//button[@id='dt_purchase_put_button']</arg>
<doc>Click the element identified by ``locator``.</doc>
<msg timestamp="20220922 16:07:09.778" level="INFO">Clicking element '//button[@id='dt_purchase_put_button']'.</msg>
<msg timestamp="20220922 16:07:10.976" level="INFO" html="true">&lt;/td&gt;&lt;/tr&gt;&lt;tr&gt;&lt;td colspan="3"&gt;&lt;a href="selenium-screenshot-11.png"&gt;&lt;img src="selenium-screenshot-11.png" width="800px"&gt;&lt;/a&gt;</msg>
<msg timestamp="20220922 16:07:10.977" level="FAIL">ElementClickInterceptedException: Message: element click intercepted: Element &lt;button disabled="" id="dt_purchase_put_button" class="btn-purchase btn-purchase--disabled btn-purchase--animated--fade btn-purchase--2"&gt;...&lt;/button&gt; is not clickable at point (1788, 632). Other element would receive the click: &lt;div class="trade-container__fieldset-wrapper trade-container__fieldset-wrapper--disabled"&gt;...&lt;/div&gt;
  (Session info: chrome=104.0.5112.101)
Stacktrace:
#0 0x556c76ddd403 &lt;unknown&gt;
#1 0x556c76be3778 &lt;unknown&gt;
#2 0x556c76c22355 &lt;unknown&gt;
#3 0x556c76c1fee2 &lt;unknown&gt;
#4 0x556c76c1d584 &lt;unknown&gt;
#5 0x556c76c1c1f5 &lt;unknown&gt;
#6 0x556c76c0fe49 &lt;unknown&gt;
#7 0x556c76c38a02 &lt;unknown&gt;
#8 0x556c76c0f703 &lt;unknown&gt;
#9 0x556c76c38b0e &lt;unknown&gt;
#10 0x556c76c4bc74 &lt;unknown&gt;
#11 0x556c76c388f3 &lt;unknown&gt;
#12 0x556c76c0e0d8 &lt;unknown&gt;
#13 0x556c76c0f205 &lt;unknown&gt;
#14 0x556c76e24e3d &lt;unknown&gt;
#15 0x556c76e27db6 &lt;unknown&gt;
#16 0x556c76e0e13e &lt;unknown&gt;
#17 0x556c76e289b5 &lt;unknown&gt;
#18 0x556c76e02970 &lt;unknown&gt;
#19 0x556c76e45228 &lt;unknown&gt;
#20 0x556c76e453bf &lt;unknown&gt;
#21 0x556c76e5fabe &lt;unknown&gt;
#22 0x7f8d6f83b609 &lt;unknown&gt;
</msg>
<status status="FAIL" starttime="20220922 16:07:09.778" endtime="20220922 16:07:10.977"/>
</kw>
<status status="FAIL" starttime="20220922 16:06:34.085" endtime="20220922 16:07:10.979">ElementClickInterceptedException: Message: element click intercepted: Element &lt;button disabled="" id="dt_purchase_put_button" class="btn-purchase btn-purchase--disabled btn-purchase--animated--fade btn-purchase--2"&gt;...&lt;/button&gt; is not clickable at point (1788, 632). Other element would receive the click: &lt;div class="trade-container__fieldset-wrapper trade-container__fieldset-wrapper--disabled"&gt;...&lt;/div&gt;
  (Session info: chrome=104.0.5112.101)
Stacktrace:
#0 0x556c76ddd403 &lt;unknown&gt;
#1 0x556c76be3778 &lt;unknown&gt;
#2 0x556c76c22355 &lt;unknown&gt;
#3 0x556c76c1fee2 &lt;unknown&gt;
#4 0x556c76c1d584 &lt;unknown&gt;
#5 0x556c76c1c1f5 &lt;unknown&gt;
#6 0x556c76c0fe49 &lt;unknown&gt;
#7 0x556c76c38a02 &lt;unknown&gt;
#8 0x556c76c0f703 &lt;unknown&gt;
#9 0x556c76c38b0e &lt;unknown&gt;
#10 0x556c76c4bc74 &lt;unknown&gt;
#11 0x556c76c388f3 &lt;unknown&gt;
#12 0x556c76c0e0d8 &lt;unknown&gt;
#13 0x556c76c0f205 &lt;unknown&gt;
#14 0x556c76e24e3d &lt;unknown&gt;
#15 0x556c76e27db6 &lt;unknown&gt;
#16 0x556c76e0e13e &lt;unknown&gt;
#17 0x556c76e289b5 &lt;unknown&gt;
#18 0x556c76e02970 &lt;unknown&gt;
#19 0x556c76e45228 &lt;unknown&gt;
#20 0x556c76e453bf &lt;unknown&gt;
#21 0x556c76e5fabe &lt;unknown&gt;
#22 0x7f8d6f83b609 &lt;unknown&gt;
</status>
</test>
<status status="FAIL" starttime="20220922 16:06:34.005" endtime="20220922 16:07:10.979"/>
</suite>
<statistics>
<total>
<stat pass="0" fail="1" skip="0">All Tests</stat>
</total>
<tag>
</tag>
<suite>
<stat pass="0" fail="1" skip="0" id="s1" name="Task4">Task4</stat>
</suite>
</statistics>
<errors>
</errors>
</robot>
